2018-06-22 11:41:23 [scrapy.utils.log] INFO: Scrapy 1.5.0 started (bot: zhilianproject)
2018-06-22 11:41:23 [scrapy.utils.log] INFO: Versions: lxml 4.2.1.0, libxml2 2.9.8, cssselect 1.0.3, parsel 1.4.0, w3lib 1.19.0, Twisted 18.4.0, Python 3.6.5 (v3.6.5:f59c0932b4, Mar 28 2018, 05:52:31) - [GCC 4.2.1 Compatible Apple LLVM 6.0 (clang-600.0.57)], pyOpenSSL 18.0.0 (OpenSSL 1.1.0h  27 Mar 2018), cryptography 2.2.2, Platform Darwin-17.5.0-x86_64-i386-64bit
2018-06-22 11:41:23 [scrapy.crawler] INFO: Overridden settings: {'BOT_NAME': 'zhilianproject', 'LOG_FILE': 'zhilian.log', 'LOG_LEVEL': 'INFO', 'NEWSPIDER_MODULE': 'zhilianproject.spiders', 'SPIDER_MODULES': ['zhilianproject.spiders']}
2018-06-22 11:41:23 [scrapy.middleware] INFO: Enabled extensions:
['scrapy.extensions.corestats.CoreStats',
 'scrapy.extensions.telnet.TelnetConsole',
 'scrapy.extensions.memusage.MemoryUsage',
 'scrapy.extensions.logstats.LogStats']
2018-06-22 11:41:24 [scrapy.middleware] INFO: Enabled downloader middlewares:
['scrapy.downloadermiddlewares.httpauth.HttpAuthMiddleware',
 'scrapy.downloadermiddlewares.downloadtimeout.DownloadTimeoutMiddleware',
 'scrapy.downloadermiddlewares.defaultheaders.DefaultHeadersMiddleware',
 'scrapy.downloadermiddlewares.useragent.UserAgentMiddleware',
 'scrapy.downloadermiddlewares.retry.RetryMiddleware',
 'scrapy.downloadermiddlewares.redirect.MetaRefreshMiddleware',
 'scrapy.downloadermiddlewares.httpcompression.HttpCompressionMiddleware',
 'scrapy.downloadermiddlewares.redirect.RedirectMiddleware',
 'scrapy.downloadermiddlewares.cookies.CookiesMiddleware',
 'scrapy.downloadermiddlewares.httpproxy.HttpProxyMiddleware',
 'scrapy.downloadermiddlewares.stats.DownloaderStats']
2018-06-22 11:41:24 [scrapy.middleware] INFO: Enabled spider middlewares:
['scrapy.spidermiddlewares.httperror.HttpErrorMiddleware',
 'scrapy.spidermiddlewares.offsite.OffsiteMiddleware',
 'scrapy.spidermiddlewares.referer.RefererMiddleware',
 'scrapy.spidermiddlewares.urllength.UrlLengthMiddleware',
 'scrapy.spidermiddlewares.depth.DepthMiddleware']
2018-06-22 11:41:24 [scrapy.middleware] INFO: Enabled item pipelines:
['zhilianproject.pipelines.ZhilianprojectPipeline']
2018-06-22 11:41:24 [scrapy.core.engine] INFO: Spider opened
2018-06-22 11:41:24 [scrapy.extensions.logstats] INFO: Crawled 0 pages (at 0 pages/min), scraped 0 items (at 0 items/min)
2018-06-22 11:41:26 [py.warnings] WARNING: /Users/ljh/.virtualenv/scrapy_learn/lib/python3.6/site-packages/pymysql/cursors.py:170: Warning: (1265, "Data truncated for column 'companyname' at row 1")
  result = self._query(query)

2018-06-22 11:41:31 [scrapy.core.engine] INFO: Closing spider (finished)
2018-06-22 11:41:31 [scrapy.statscollectors] INFO: Dumping Scrapy stats:
{'downloader/request_bytes': 102900,
 'downloader/request_count': 113,
 'downloader/request_method_count/GET': 113,
 'downloader/response_bytes': 1590977,
 'downloader/response_count': 113,
 'downloader/response_status_count/200': 105,
 'downloader/response_status_count/301': 8,
 'finish_reason': 'finished',
 'finish_time': datetime.datetime(2018, 6, 22, 3, 41, 31, 453094),
 'item_scraped_count': 95,
 'log_count/INFO': 7,
 'log_count/WARNING': 1,
 'memusage/max': 49987584,
 'memusage/startup': 49987584,
 'request_depth_max': 1,
 'response_received_count': 105,
 'scheduler/dequeued': 113,
 'scheduler/dequeued/memory': 113,
 'scheduler/enqueued': 113,
 'scheduler/enqueued/memory': 113,
 'start_time': datetime.datetime(2018, 6, 22, 3, 41, 24, 103275)}
2018-06-22 11:41:31 [scrapy.core.engine] INFO: Spider closed (finished)
2018-06-22 11:41:38 [scrapy.utils.log] INFO: Scrapy 1.5.0 started (bot: zhilianproject)
2018-06-22 11:41:38 [scrapy.utils.log] INFO: Versions: lxml 4.2.1.0, libxml2 2.9.8, cssselect 1.0.3, parsel 1.4.0, w3lib 1.19.0, Twisted 18.4.0, Python 3.6.5 (v3.6.5:f59c0932b4, Mar 28 2018, 05:52:31) - [GCC 4.2.1 Compatible Apple LLVM 6.0 (clang-600.0.57)], pyOpenSSL 18.0.0 (OpenSSL 1.1.0h  27 Mar 2018), cryptography 2.2.2, Platform Darwin-17.5.0-x86_64-i386-64bit
2018-06-22 11:41:38 [scrapy.crawler] INFO: Overridden settings: {'BOT_NAME': 'zhilianproject', 'LOG_FILE': 'zhilian.log', 'LOG_LEVEL': 'INFO', 'NEWSPIDER_MODULE': 'zhilianproject.spiders', 'SPIDER_MODULES': ['zhilianproject.spiders']}
2018-06-22 11:41:38 [scrapy.middleware] INFO: Enabled extensions:
['scrapy.extensions.corestats.CoreStats',
 'scrapy.extensions.telnet.TelnetConsole',
 'scrapy.extensions.memusage.MemoryUsage',
 'scrapy.extensions.logstats.LogStats']
2018-06-22 11:41:38 [scrapy.middleware] INFO: Enabled downloader middlewares:
['scrapy.downloadermiddlewares.httpauth.HttpAuthMiddleware',
 'scrapy.downloadermiddlewares.downloadtimeout.DownloadTimeoutMiddleware',
 'scrapy.downloadermiddlewares.defaultheaders.DefaultHeadersMiddleware',
 'scrapy.downloadermiddlewares.useragent.UserAgentMiddleware',
 'scrapy.downloadermiddlewares.retry.RetryMiddleware',
 'scrapy.downloadermiddlewares.redirect.MetaRefreshMiddleware',
 'scrapy.downloadermiddlewares.httpcompression.HttpCompressionMiddleware',
 'scrapy.downloadermiddlewares.redirect.RedirectMiddleware',
 'scrapy.downloadermiddlewares.cookies.CookiesMiddleware',
 'scrapy.downloadermiddlewares.httpproxy.HttpProxyMiddleware',
 'scrapy.downloadermiddlewares.stats.DownloaderStats']
2018-06-22 11:41:38 [scrapy.middleware] INFO: Enabled spider middlewares:
['scrapy.spidermiddlewares.httperror.HttpErrorMiddleware',
 'scrapy.spidermiddlewares.offsite.OffsiteMiddleware',
 'scrapy.spidermiddlewares.referer.RefererMiddleware',
 'scrapy.spidermiddlewares.urllength.UrlLengthMiddleware',
 'scrapy.spidermiddlewares.depth.DepthMiddleware']
2018-06-22 11:41:38 [scrapy.middleware] INFO: Enabled item pipelines:
['zhilianproject.pipelines.ZhilianprojectPipeline']
2018-06-22 11:41:38 [scrapy.core.engine] INFO: Spider opened
2018-06-22 11:41:38 [scrapy.extensions.logstats] INFO: Crawled 0 pages (at 0 pages/min), scraped 0 items (at 0 items/min)
2018-06-22 11:41:40 [py.warnings] WARNING: /Users/ljh/.virtualenv/scrapy_learn/lib/python3.6/site-packages/pymysql/cursors.py:170: Warning: (1265, "Data truncated for column 'companyname' at row 1")
  result = self._query(query)

2018-06-22 11:41:46 [scrapy.core.engine] INFO: Closing spider (finished)
2018-06-22 11:41:46 [scrapy.statscollectors] INFO: Dumping Scrapy stats:
{'downloader/request_bytes': 102540,
 'downloader/request_count': 113,
 'downloader/request_method_count/GET': 113,
 'downloader/response_bytes': 1584793,
 'downloader/response_count': 113,
 'downloader/response_status_count/200': 105,
 'downloader/response_status_count/301': 8,
 'finish_reason': 'finished',
 'finish_time': datetime.datetime(2018, 6, 22, 3, 41, 46, 442069),
 'item_scraped_count': 95,
 'log_count/INFO': 7,
 'log_count/WARNING': 1,
 'memusage/max': 49868800,
 'memusage/startup': 49868800,
 'request_depth_max': 1,
 'response_received_count': 105,
 'scheduler/dequeued': 113,
 'scheduler/dequeued/memory': 113,
 'scheduler/enqueued': 113,
 'scheduler/enqueued/memory': 113,
 'start_time': datetime.datetime(2018, 6, 22, 3, 41, 38, 628877)}
2018-06-22 11:41:46 [scrapy.core.engine] INFO: Spider closed (finished)
2018-06-22 15:15:20 [scrapy.utils.log] INFO: Scrapy 1.5.0 started (bot: zhilianproject)
2018-06-22 15:15:20 [scrapy.utils.log] INFO: Versions: lxml 4.2.1.0, libxml2 2.9.8, cssselect 1.0.3, parsel 1.4.0, w3lib 1.19.0, Twisted 18.4.0, Python 3.6.5 (v3.6.5:f59c0932b4, Mar 28 2018, 05:52:31) - [GCC 4.2.1 Compatible Apple LLVM 6.0 (clang-600.0.57)], pyOpenSSL 18.0.0 (OpenSSL 1.1.0h  27 Mar 2018), cryptography 2.2.2, Platform Darwin-17.5.0-x86_64-i386-64bit
2018-06-22 15:15:20 [scrapy.crawler] INFO: Overridden settings: {'BOT_NAME': 'zhilianproject', 'LOG_FILE': 'zhilian.log', 'LOG_LEVEL': 'INFO', 'NEWSPIDER_MODULE': 'zhilianproject.spiders', 'SPIDER_MODULES': ['zhilianproject.spiders']}
2018-06-22 15:15:20 [scrapy.middleware] INFO: Enabled extensions:
['scrapy.extensions.corestats.CoreStats',
 'scrapy.extensions.telnet.TelnetConsole',
 'scrapy.extensions.memusage.MemoryUsage',
 'scrapy.extensions.logstats.LogStats']
2018-06-22 15:15:20 [scrapy.middleware] INFO: Enabled downloader middlewares:
['scrapy.downloadermiddlewares.httpauth.HttpAuthMiddleware',
 'scrapy.downloadermiddlewares.downloadtimeout.DownloadTimeoutMiddleware',
 'scrapy.downloadermiddlewares.defaultheaders.DefaultHeadersMiddleware',
 'scrapy.downloadermiddlewares.useragent.UserAgentMiddleware',
 'scrapy.downloadermiddlewares.retry.RetryMiddleware',
 'scrapy.downloadermiddlewares.redirect.MetaRefreshMiddleware',
 'scrapy.downloadermiddlewares.httpcompression.HttpCompressionMiddleware',
 'scrapy.downloadermiddlewares.redirect.RedirectMiddleware',
 'scrapy.downloadermiddlewares.cookies.CookiesMiddleware',
 'scrapy.downloadermiddlewares.httpproxy.HttpProxyMiddleware',
 'scrapy.downloadermiddlewares.stats.DownloaderStats']
2018-06-22 15:15:20 [scrapy.middleware] INFO: Enabled spider middlewares:
['scrapy.spidermiddlewares.httperror.HttpErrorMiddleware',
 'scrapy.spidermiddlewares.offsite.OffsiteMiddleware',
 'scrapy.spidermiddlewares.referer.RefererMiddleware',
 'scrapy.spidermiddlewares.urllength.UrlLengthMiddleware',
 'scrapy.spidermiddlewares.depth.DepthMiddleware']
2018-06-22 15:15:20 [twisted] CRITICAL: Unhandled error in Deferred:
2018-06-22 15:15:20 [twisted] CRITICAL: 
Traceback (most recent call last):
  File "/Users/ljh/.virtualenv/scrapy_learn/lib/python3.6/site-packages/twisted/internet/defer.py", line 1386, in _inlineCallbacks
    result = g.send(result)
  File "/Users/ljh/.virtualenv/scrapy_learn/lib/python3.6/site-packages/scrapy/crawler.py", line 80, in crawl
    self.engine = self._create_engine()
  File "/Users/ljh/.virtualenv/scrapy_learn/lib/python3.6/site-packages/scrapy/crawler.py", line 105, in _create_engine
    return ExecutionEngine(self, lambda _: self.stop())
  File "/Users/ljh/.virtualenv/scrapy_learn/lib/python3.6/site-packages/scrapy/core/engine.py", line 70, in __init__
    self.scraper = Scraper(crawler)
  File "/Users/ljh/.virtualenv/scrapy_learn/lib/python3.6/site-packages/scrapy/core/scraper.py", line 71, in __init__
    self.itemproc = itemproc_cls.from_crawler(crawler)
  File "/Users/ljh/.virtualenv/scrapy_learn/lib/python3.6/site-packages/scrapy/middleware.py", line 58, in from_crawler
    return cls.from_settings(crawler.settings, crawler)
  File "/Users/ljh/.virtualenv/scrapy_learn/lib/python3.6/site-packages/scrapy/middleware.py", line 38, in from_settings
    mw = mwcls.from_settings(settings)
  File "/Users/ljh/Desktop/zhilianproject/zhilianproject/pipelines.py", line 30, in from_settings
    dbpool = adbapi.ConnectionPool('MySQLdb',**dbparmas)
  File "/Users/ljh/.virtualenv/scrapy_learn/lib/python3.6/site-packages/twisted/enterprise/adbapi.py", line 211, in __init__
    self.dbapi = reflect.namedModule(dbapiName)
  File "/Users/ljh/.virtualenv/scrapy_learn/lib/python3.6/site-packages/twisted/python/reflect.py", line 159, in namedModule
    topLevel = __import__(name)
ModuleNotFoundError: No module named 'MySQLdb'
